STL translation to Solid Edge
Data: segunda-feira,março 29,2021 11:23
Arquivo de origem:C:\Dev\pibiti-2020\enclosure\CAIXA PIBITI - 2020.stl
Autor: Desconhecido
Organização: Desconhecido
Sistema de origem: DEX

Hardware:
Processador Intel(R) Core(TM) i5-8265U CPU @ 1.60GHz
Sistema operacional: Windows 10
Memória Instalada: 19,88 GB

Informações de software:
Versão do Parasolid: 32.1.222
Versão do PSBodyshop: 32.1.94
Versão do Solid Edge: 221.00.03.003 x64

STL Import Options
Corrigir Falhas da Malha:Desligado
Criar Feature Básica:Ligado
Habilitar login:Ligado

Progresso da conversão:
Processo de conversão concluído
Tempo requerido para converter:00 : 00 : 00
